2024-02-05 10:48:22.557  INFO 17148 --- [main] com.example.demo.SareetaApplication      : Starting SareetaApplication on Saud with PID 17148 (C:\Users\SaudW\OneDrive\Desktop\myP4\nd035-c4-Security-and-DevOps-master\starter_code\target\classes started by SaudW in C:\Users\SaudW\OneDrive\Desktop\myP4)
2024-02-05 10:48:22.558  INFO 17148 --- [main] com.example.demo.SareetaApplication      : No active profile set, falling back to default profiles: default
2024-02-05 10:48:22.829  INFO 17148 --- [main] .s.d.r.c.RepositoryConfigurationDelegate : Bootstrapping Spring Data JPA repositories in DEFAULT mode.
2024-02-05 10:48:22.863  INFO 17148 --- [main] .s.d.r.c.RepositoryConfigurationDelegate : Finished Spring Data repository scanning in 27ms. Found 4 JPA repository interfaces.
2024-02-05 10:48:23.243  INFO 17148 --- [main] o.s.b.w.embedded.tomcat.TomcatWebServer  : Tomcat initialized with port(s): 8080 (http)
2024-02-05 10:48:23.248  INFO 17148 --- [main] o.apache.catalina.core.StandardService   : Starting service [Tomcat]
2024-02-05 10:48:23.249  INFO 17148 --- [main] org.apache.catalina.core.StandardEngine  : Starting Servlet engine: [Apache Tomcat/9.0.37]
2024-02-05 10:48:23.307  INFO 17148 --- [main] o.a.c.c.C.[Tomcat].[localhost].[/]       : Initializing Spring embedded WebApplicationContext
2024-02-05 10:48:23.308  INFO 17148 --- [main] w.s.c.ServletWebServerApplicationContext : Root WebApplicationContext: initialization completed in 715 ms
2024-02-05 10:48:23.437  INFO 17148 --- [main] o.hibernate.jpa.internal.util.LogHelper  : HHH000204: Processing PersistenceUnitInfo [name: default]
2024-02-05 10:48:23.467  INFO 17148 --- [main] org.hibernate.Version                    : HHH000412: Hibernate ORM core version 5.4.18.Final
2024-02-05 10:48:23.548  INFO 17148 --- [main] o.hibernate.annotations.common.Version   : HCANN000001: Hibernate Commons Annotations {5.1.0.Final}
2024-02-05 10:48:23.599  INFO 17148 --- [main] com.zaxxer.hikari.HikariDataSource       : HikariPool-1 - Starting...
2024-02-05 10:48:23.681  INFO 17148 --- [main] com.zaxxer.hikari.HikariDataSource       : HikariPool-1 - Start completed.
2024-02-05 10:48:23.692  INFO 17148 --- [main] org.hibernate.dialect.Dialect            : HHH000400: Using dialect: org.hibernate.dialect.H2Dialect
2024-02-05 10:48:24.109  INFO 17148 --- [main] o.h.e.t.j.p.i.JtaPlatformInitiator       : HHH000490: Using JtaPlatform implementation: [org.hibernate.engine.transaction.jta.platform.internal.NoJtaPlatform]
2024-02-05 10:48:24.113  INFO 17148 --- [main] j.LocalContainerEntityManagerFactoryBean : Initialized JPA EntityManagerFactory for persistence unit 'default'
2024-02-05 10:48:24.283  WARN 17148 --- [main] JpaBaseConfiguration$JpaWebConfiguration : spring.jpa.open-in-view is enabled by default. Therefore, database queries may be performed during view rendering. Explicitly configure spring.jpa.open-in-view to disable this warning
2024-02-05 10:48:24.541  INFO 17148 --- [main] o.s.s.web.DefaultSecurityFilterChain     : Creating filter chain: any request, [org.springframework.security.web.context.request.async.WebAsyncManagerIntegrationFilter@6369d01c, org.springframework.security.web.context.SecurityContextPersistenceFilter@464d60fb, org.springframework.security.web.header.HeaderWriterFilter@4850d66b, org.springframework.web.filter.CorsFilter@54e680fe, org.springframework.security.web.authentication.logout.LogoutFilter@270097ce, com.example.demo.security.JWTAuthenticationFilter@ea0c99c, com.example.demo.security.JWTAuthenticationVerificationFilter@167bb934, org.springframework.security.web.savedrequest.RequestCacheAwareFilter@2a0ce342, org.springframework.security.web.servletapi.SecurityContextHolderAwareRequestFilter@2c7c898a, org.springframework.security.web.authentication.AnonymousAuthenticationFilter@3b3f62d7, org.springframework.security.web.session.SessionManagementFilter@102fd71d, org.springframework.security.web.access.ExceptionTranslationFilter@4cefa0be, org.springframework.security.web.access.intercept.FilterSecurityInterceptor@1b26fac2]
2024-02-05 10:48:24.568  INFO 17148 --- [main] o.s.s.concurrent.ThreadPoolTaskExecutor  : Initializing ExecutorService 'applicationTaskExecutor'
2024-02-05 10:48:24.671  INFO 17148 --- [main] o.s.b.w.embedded.tomcat.TomcatWebServer  : Tomcat started on port(s): 8080 (http) with context path ''
2024-02-05 10:48:24.676  INFO 17148 --- [main] com.example.demo.SareetaApplication      : Started SareetaApplication in 2.364 seconds (JVM running for 2.743)
